<?xml version="1.0" encoding="UTF-8"?>
<testsuite name="com.ljwzz.weathertrafficalarm.core.model.WorkdayResolverTest" tests="8" skipped="0" failures="0" errors="0" timestamp="2026-07-24T02:27:54.530Z" hostname="liujiweideMacBook-Pro.local" time="0.002">
  <properties/>
  <testcase name="weekday fallback returns HOLIDAY for Saturday" classname="com.ljwzz.weathertrafficalarm.core.model.WorkdayResolverTest" time="0.001"/>
  <testcase name="weekday fallback returns WORKDAY for Monday" classname="com.ljwzz.weathertrafficalarm.core.model.WorkdayResolverTest" time="0.0"/>
  <testcase name="nextWorkday returns itself on a workday" classname="com.ljwzz.weathertrafficalarm.core.model.WorkdayResolverTest" time="0.0"/>
  <testcase name="nextWorkday returns null beyond maxDaysAhead" classname="com.ljwzz.weathertrafficalarm.core.model.WorkdayResolverTest" time="0.0"/>
  <testcase name="nextWorkday finds next weekday from Saturday" classname="com.ljwzz.weathertrafficalarm.core.model.WorkdayResolverTest" time="0.0"/>
  <testcase name="user override takes highest priority" classname="com.ljwzz.weathertrafficalarm.core.model.WorkdayResolverTest" time="0.0"/>
  <testcase name="official calendar overrides weekday fallback" classname="com.ljwzz.weathertrafficalarm.core.model.WorkdayResolverTest" time="0.0"/>
  <testcase name="official calendar marks National Day as HOLIDAY" classname="com.ljwzz.weathertrafficalarm.core.model.WorkdayResolverTest" time="0.0"/>
  <system-out><![CDATA[]]></system-out>
  <system-err><![CDATA[]]></system-err>
</testsuite>
